API started listening on port 3000
API started listening on port 3000
::1 - - [05/Sep/2023:12:52:50 +0000] "GET /api/blog/patrons HTTP/1.1" 400 411 "-" "PostmanRuntime/7.32.3"
[0mGET /api/blog/patrons [33m400[0m 75.774 ms - 411[0m
API started listening on port 3000
API started listening on port 3000
::1 - - [05/Sep/2023:12:56:49 +0000] "GET /api/blog/patrons HTTP/1.1" 400 411 "-" "PostmanRuntime/7.32.3"
[0mGET /api/blog/patrons [33m400[0m 27.308 ms - 411[0m
API started listening on port 3000
API started listening on port 3000
API started listening on port 3000
::1 - - [05/Sep/2023:12:58:57 +0000] "GET /api/blog/patrons HTTP/1.1" 400 411 "-" "PostmanRuntime/7.32.3"
[0mGET /api/blog/patrons [33m400[0m 34.811 ms - 411[0m
::1 - - [05/Sep/2023:12:59:05 +0000] "GET /api/blog/pictures HTTP/1.1" 400 412 "-" "PostmanRuntime/7.32.3"
[0mGET /api/blog/pictures [33m400[0m 5.866 ms - 412[0m
API started listening on port 3000
API started listening on port 3000
API started listening on port 3000
API started listening on port 3000
::1 - - [05/Sep/2023:13:01:19 +0000] "GET /api/blog/pictures HTTP/1.1" 400 412 "-" "PostmanRuntime/7.32.3"
[0mGET /api/blog/pictures [33m400[0m 29.131 ms - 412[0m
::1 - - [05/Sep/2023:13:01:40 +0000] "GET /api/blog/patrons HTTP/1.1" 400 411 "-" "PostmanRuntime/7.32.3"
[0mGET /api/blog/patrons [33m400[0m 7.508 ms - 411[0m
API started listening on port 3000
API started listening on port 3000
API started listening on port 3000
::1 - - [05/Sep/2023:13:51:40 +0000] "GET /api/blog/patrons HTTP/1.1" 400 411 "-" "PostmanRuntime/7.32.3"
[0mGET /api/blog/patrons [33m400[0m 32.830 ms - 411[0m
API started listening on port 3000
::1 - - [05/Sep/2023:14:07:00 +0000] "GET /api/blog/patrons HTTP/1.1" 400 411 "-" "PostmanRuntime/7.32.3"
[0mGET /api/blog/patrons [33m400[0m 28.638 ms - 411[0m
API started listening on port 3000
::1 - - [05/Sep/2023:14:08:41 +0000] "GET /api/blog/patrons HTTP/1.1" 400 411 "-" "PostmanRuntime/7.32.3"
[0mGET /api/blog/patrons [33m400[0m 81.967 ms - 411[0m
