API started listening on port 3000
API started listening on port 3000
API started listening on port 3000
API started listening on port 3000
API started listening on port 3000
API started listening on port 3000
API started listening on port 3000
API started listening on port 3000
API started listening on port 3000
API started listening on port 3000
API started listening on port 3000
API started listening on port 3000
API started listening on port 3000
API started listening on port 3000
API started listening on port 3000
API started listening on port 3000
API started listening on port 3000
API started listening on port 3000
API started listening on port 3000
API started listening on port 3000
API started listening on port 3000
API started listening on port 3000
API started listening on port 3000
::1 - - [02/Sep/2023:06:53:51 +0000] "GET /api/blog/pictures HTTP/1.1" 400 68 "-" "PostmanRuntime/7.32.3"
[0mGET /api/blog/pictures [33m400[0m 1.999 ms - 68[0m
API started listening on port 3000
API started listening on port 3000
API started listening on port 3000
::1 - - [04/Sep/2023:00:55:34 +0000] "GET /api/blog/pictures HTTP/1.1" 400 68 "-" "PostmanRuntime/7.32.3"
[0mGET /api/blog/pictures [33m400[0m 2.018 ms - 68[0m
API started listening on port 3000
API started listening on port 3000
API started listening on port 3000
API started listening on port 3000
API started listening on port 3000
API started listening on port 3000
API started listening on port 3000
::1 - - [04/Sep/2023:01:04:46 +0000] "GET /api/blog/pictures HTTP/1.1" 400 68 "-" "PostmanRuntime/7.32.3"
[0mGET /api/blog/pictures [33m400[0m 2.878 ms - 68[0m
API started listening on port 3000
::1 - - [04/Sep/2023:01:08:54 +0000] "GET /api/blog/pictures HTTP/1.1" 400 68 "-" "PostmanRuntime/7.32.3"
[0mGET /api/blog/pictures [33m400[0m 2.070 ms - 68[0m
::1 - - [04/Sep/2023:01:09:28 +0000] "GET /api/blog/pictures/1 HTTP/1.1" - - "-" "PostmanRuntime/7.32.3"
API started listening on port 3000
::1 - - [04/Sep/2023:12:13:27 +0000] "GET /api/blog/patrons HTTP/1.1" 400 335 "-" "PostmanRuntime/7.32.3"
[0mGET /api/blog/patrons [33m400[0m 20.280 ms - 335[0m
ConnectionError [SequelizeConnectionError]: Unknown database 'blog_database'
    at ConnectionManager.connect (C:\School\Web development and database\projects\blog_db\node_modules\sequelize\lib\dialects\mysql\connection-manager.js:102:17)
    at process.processTicksAndRejections (node:internal/process/task_queues:95:5)
    at async ConnectionManager._connect (C:\School\Web development and database\projects\blog_db\node_modules\sequelize\lib\dialects\abstract\connection-manager.js:222:24)
    at async C:\School\Web development and database\projects\blog_db\node_modules\sequelize\lib\dialects\abstract\connection-manager.js:174:32 {
  parent: Error: Unknown database 'blog_database'
      at Packet.asError (C:\School\Web development and database\projects\blog_db\node_modules\mysql2\lib\packets\packet.js:728:17)
      at ClientHandshake.execute (C:\School\Web development and database\projects\blog_db\node_modules\mysql2\lib\commands\command.js:29:26)
      at Connection.handlePacket (C:\School\Web development and database\projects\blog_db\node_modules\mysql2\lib\connection.js:478:34)
      at PacketParser.onPacket (C:\School\Web development and database\projects\blog_db\node_modules\mysql2\lib\connection.js:97:12)
      at PacketParser.executeStart (C:\School\Web development and database\projects\blog_db\node_modules\mysql2\lib\packet_parser.js:75:16)
      at Socket.<anonymous> (C:\School\Web development and database\projects\blog_db\node_modules\mysql2\lib\connection.js:104:25)
      at Socket.emit (node:events:513:28)
      at addChunk (node:internal/streams/readable:324:12)
      at readableAddChunk (node:internal/streams/readable:297:9)
      at Readable.push (node:internal/streams/readable:234:10) {
    code: 'ER_BAD_DB_ERROR',
    errno: 1049,
    sqlState: '42000',
    sqlMessage: "Unknown database 'blog_database'",
    sql: undefined
  },
  original: Error: Unknown database 'blog_database'
      at Packet.asError (C:\School\Web development and database\projects\blog_db\node_modules\mysql2\lib\packets\packet.js:728:17)
      at ClientHandshake.execute (C:\School\Web development and database\projects\blog_db\node_modules\mysql2\lib\commands\command.js:29:26)
      at Connection.handlePacket (C:\School\Web development and database\projects\blog_db\node_modules\mysql2\lib\connection.js:478:34)
      at PacketParser.onPacket (C:\School\Web development and database\projects\blog_db\node_modules\mysql2\lib\connection.js:97:12)
      at PacketParser.executeStart (C:\School\Web development and database\projects\blog_db\node_modules\mysql2\lib\packet_parser.js:75:16)
      at Socket.<anonymous> (C:\School\Web development and database\projects\blog_db\node_modules\mysql2\lib\connection.js:104:25)
      at Socket.emit (node:events:513:28)
      at addChunk (node:internal/streams/readable:324:12)
      at readableAddChunk (node:internal/streams/readable:297:9)
      at Readable.push (node:internal/streams/readable:234:10) {
    code: 'ER_BAD_DB_ERROR',
    errno: 1049,
    sqlState: '42000',
    sqlMessage: "Unknown database 'blog_database'",
    sql: undefined
  }
}
::1 - - [04/Sep/2023:12:14:38 +0000] "GET /api/blog/pictures HTTP/1.1" 400 334 "-" "PostmanRuntime/7.32.3"
[0mGET /api/blog/pictures [33m400[0m 8.169 ms - 334[0m
::1 - - [04/Sep/2023:12:16:06 +0000] "GET /api/blog/pictures/1 HTTP/1.1" - - "-" "PostmanRuntime/7.32.3"
::1 - - [04/Sep/2023:12:16:07 +0000] "GET /api/blog/pictures/1 HTTP/1.1" - - "-" "PostmanRuntime/7.32.3"
ConnectionError [SequelizeConnectionError]: Unknown database 'blog_database'
    at ConnectionManager.connect (C:\School\Web development and database\projects\blog_db\node_modules\sequelize\lib\dialects\mysql\connection-manager.js:102:17)
    at process.processTicksAndRejections (node:internal/process/task_queues:95:5)
    at async ConnectionManager._connect (C:\School\Web development and database\projects\blog_db\node_modules\sequelize\lib\dialects\abstract\connection-manager.js:222:24)
    at async C:\School\Web development and database\projects\blog_db\node_modules\sequelize\lib\dialects\abstract\connection-manager.js:174:32 {
  parent: Error: Unknown database 'blog_database'
      at Packet.asError (C:\School\Web development and database\projects\blog_db\node_modules\mysql2\lib\packets\packet.js:728:17)
      at ClientHandshake.execute (C:\School\Web development and database\projects\blog_db\node_modules\mysql2\lib\commands\command.js:29:26)
      at Connection.handlePacket (C:\School\Web development and database\projects\blog_db\node_modules\mysql2\lib\connection.js:478:34)
      at PacketParser.onPacket (C:\School\Web development and database\projects\blog_db\node_modules\mysql2\lib\connection.js:97:12)
      at PacketParser.executeStart (C:\School\Web development and database\projects\blog_db\node_modules\mysql2\lib\packet_parser.js:75:16)
      at Socket.<anonymous> (C:\School\Web development and database\projects\blog_db\node_modules\mysql2\lib\connection.js:104:25)
      at Socket.emit (node:events:513:28)
      at addChunk (node:internal/streams/readable:324:12)
      at readableAddChunk (node:internal/streams/readable:297:9)
      at Readable.push (node:internal/streams/readable:234:10) {
    code: 'ER_BAD_DB_ERROR',
    errno: 1049,
    sqlState: '42000',
    sqlMessage: "Unknown database 'blog_database'",
    sql: undefined
  },
  original: Error: Unknown database 'blog_database'
      at Packet.asError (C:\School\Web development and database\projects\blog_db\node_modules\mysql2\lib\packets\packet.js:728:17)
      at ClientHandshake.execute (C:\School\Web development and database\projects\blog_db\node_modules\mysql2\lib\commands\command.js:29:26)
      at Connection.handlePacket (C:\School\Web development and database\projects\blog_db\node_modules\mysql2\lib\connection.js:478:34)
      at PacketParser.onPacket (C:\School\Web development and database\projects\blog_db\node_modules\mysql2\lib\connection.js:97:12)
      at PacketParser.executeStart (C:\School\Web development and database\projects\blog_db\node_modules\mysql2\lib\packet_parser.js:75:16)
      at Socket.<anonymous> (C:\School\Web development and database\projects\blog_db\node_modules\mysql2\lib\connection.js:104:25)
      at Socket.emit (node:events:513:28)
      at addChunk (node:internal/streams/readable:324:12)
      at readableAddChunk (node:internal/streams/readable:297:9)
      at Readable.push (node:internal/streams/readable:234:10) {
    code: 'ER_BAD_DB_ERROR',
    errno: 1049,
    sqlState: '42000',
    sqlMessage: "Unknown database 'blog_database'",
    sql: undefined
  }
}
::1 - - [04/Sep/2023:12:17:25 +0000] "GET /api/blog/pictures HTTP/1.1" 400 334 "-" "PostmanRuntime/7.32.3"
[0mGET /api/blog/pictures [33m400[0m 2.777 ms - 334[0m
API started listening on port 3000
::1 - - [04/Sep/2023:12:17:50 +0000] "GET /api/blog/pictures HTTP/1.1" 400 334 "-" "PostmanRuntime/7.32.3"
[0mGET /api/blog/pictures [33m400[0m 20.414 ms - 334[0m
API started listening on port 3000
API started listening on port 3000
API started listening on port 3000
API started listening on port 3000
API started listening on port 3000
API started listening on port 3000
API started listening on port 3000
::1 - - [05/Sep/2023:01:33:54 +0000] "GET /api/blog/patrons HTTP/1.1" 200 716 "-" "PostmanRuntime/7.32.3"
::1 - - [05/Sep/2023:01:33:57 +0000] "GET /api/blog/patrons HTTP/1.1" 200 716 "-" "PostmanRuntime/7.32.3"
API started listening on port 3000
API started listening on port 3000
API started listening on port 3000
API started listening on port 3000
API started listening on port 3000
::1 - - [05/Sep/2023:01:35:13 +0000] "GET /api/blog/patrons HTTP/1.1" 400 68 "-" "PostmanRuntime/7.32.3"
[0mGET /api/blog/patrons [33m400[0m 3.057 ms - 68[0m
API started listening on port 3000
API started listening on port 3000
API started listening on port 3000
API started listening on port 3000
API started listening on port 3000
API started listening on port 3000
API started listening on port 3000
API started listening on port 3000
API started listening on port 3000
API started listening on port 3000
API started listening on port 3000
API started listening on port 3000
API started listening on port 3000
API started listening on port 3000
API started listening on port 3000
::1 - - [05/Sep/2023:12:43:19 +0000] "GET /api/blog/patrons HTTP/1.1" 400 333 "-" "PostmanRuntime/7.32.3"
[0mGET /api/blog/patrons [33m400[0m 27.123 ms - 333[0m
API started listening on port 3000
API started listening on port 3000
API started listening on port 3000
API started listening on port 3000
API started listening on port 3000
API started listening on port 3000
API started listening on port 3000
::1 - - [05/Sep/2023:14:13:08 +0000] "GET /api/blog/patrons HTTP/1.1" 400 409 "-" "PostmanRuntime/7.32.3"
[0mGET /api/blog/patrons [33m400[0m 27.131 ms - 409[0m
API started listening on port 3000
API started listening on port 3000
API started listening on port 3000
::1 - - [05/Sep/2023:14:16:31 +0000] "GET /api/blog/patrons HTTP/1.1" 400 411 "-" "PostmanRuntime/7.32.3"
[0mGET /api/blog/patrons [33m400[0m 28.944 ms - 411[0m
API started listening on port 3000
API started listening on port 3000
API started listening on port 3000
::1 - - [05/Sep/2023:14:50:29 +0000] "GET /api/blog/patrons HTTP/1.1" 400 411 "-" "PostmanRuntime/7.32.3"
[0mGET /api/blog/patrons [33m400[0m 30.795 ms - 411[0m
::1 - - [05/Sep/2023:14:51:36 +0000] "GET /api/blog/pictures HTTP/1.1" 400 412 "-" "PostmanRuntime/7.32.3"
[0mGET /api/blog/pictures [33m400[0m 10.926 ms - 412[0m
API started listening on port 3000
API started listening on port 3000
API started listening on port 3000
API started listening on port 3000
::1 - - [05/Sep/2023:15:47:28 +0000] "GET /api/blog/pictures HTTP/1.1" 400 418 "-" "PostmanRuntime/7.32.3"
[0mGET /api/blog/pictures [33m400[0m 27.392 ms - 418[0m
::1 - - [05/Sep/2023:15:50:39 +0000] "GET /api/blog/pictures HTTP/1.1" 400 418 "-" "PostmanRuntime/7.32.3"
[0mGET /api/blog/pictures [33m400[0m 9.960 ms - 418[0m
::1 - - [05/Sep/2023:15:51:44 +0000] "GET /api/blog/pictures HTTP/1.1" 400 418 "-" "PostmanRuntime/7.32.3"
[0mGET /api/blog/pictures [33m400[0m 3.421 ms - 418[0m
API started listening on port 3000
API started listening on port 3000
API started listening on port 3000
::1 - - [05/Sep/2023:15:58:32 +0000] "GET /api/blog/pictures HTTP/1.1" 200 1519 "-" "PostmanRuntime/7.32.3"
::1 - - [05/Sep/2023:15:58:58 +0000] "GET /api/blog/patrons HTTP/1.1" 200 880 "-" "PostmanRuntime/7.32.3"
::1 - - [05/Sep/2023:15:59:01 +0000] "GET /api/blog/patrons/1 HTTP/1.1" 200 140 "-" "PostmanRuntime/7.32.3"
::1 - - [05/Sep/2023:15:59:05 +0000] "GET /api/blog/patrons/2 HTTP/1.1" 200 99 "-" "PostmanRuntime/7.32.3"
API started listening on port 3000
API started listening on port 3000
API started listening on port 3000
API started listening on port 3000
API started listening on port 3000
API started listening on port 3000
API started listening on port 3000
API started listening on port 3000
API started listening on port 3000
API started listening on port 3000
API started listening on port 3000
API started listening on port 3000
